<?xml version="1.0" encoding="UTF-8"?>
<!-- Generated by org.testng.reporters.JUnitReportReporter -->
<testsuite hostname="DESKTOP-5IRD1VN" failures="0" tests="9" name="TestCases.TC003_UpcomingBikePage" time="138.245" errors="0" timestamp="2024-02-13T10:14:19 IST" skipped="0">
  <testcase classname="TestCases.TC003_UpcomingBikePage" name="test1" time="0.722"/>
  <system-out/>
  <testcase classname="TestCases.TC003_UpcomingBikePage" name="test2" time="73.302"/>
  <system-out/>
  <testcase classname="TestCases.TC003_UpcomingBikePage" name="test3" time="28.191"/>
  <system-out/>
  <testcase classname="TestCases.TC003_UpcomingBikePage" name="test4" time="3.738"/>
  <system-out/>
  <testcase classname="TestCases.TC003_UpcomingBikePage" name="Test5" time="5.288"/>
  <system-out/>
  <testcase classname="TestCases.TC003_UpcomingBikePage" name="test6" time="3.445"/>
  <system-out/>
  <testcase classname="TestCases.TC003_UpcomingBikePage" name="test7" time="12.081"/>
  <system-out/>
  <testcase classname="TestCases.TC003_UpcomingBikePage" name="test8" time="2.486"/>
  <system-out/>
  <testcase classname="TestCases.TC003_UpcomingBikePage" name="Test9" time="8.992"/>
  <system-out/>
</testsuite> <!-- TestCases.TC003_UpcomingBikePage -->
